<?xml version="1.0" ?><coverage timestamp="1645083011.973" line-rate="0.6370967741935484" branch-rate="0.061170212765957445" complexity="317"><sources><source>project/src/main/java</source></sources><packages name="com.foo.bar.domain.submission.port" line-rate="0" branch-rate="0" complexity="0"><classes><class name="com.foo.bar.domain.submission.port.StartSubmissionUseCase" filename="com/foo/bar/domain/submission/port/StartSubmissionUseCase.java" line-rate="0" branch-rate="0" complexity="0"><methods/><lines/></class><class name="com.foo.bar.domain.submission.port.StartSubmissionPort" filename="com/foo/bar/domain/submission/port/StartSubmissionPort.java" line-rate="0" branch-rate="0" complexity="0"><methods/><lines/></class></classes></packages><packages name="com.foo.bar.domain.addresses" line-rate="1" branch-rate="0.875" complexity="11"><classes><class name="com.foo.bar.domain.addresses.SuggestAddressesService" filename="com/foo/bar/domain/addresses/SuggestAddressesService.java" line-rate="1" branch-rate="0.875" complexity="11"><methods><method name="findAddressesByZipCodeOrCity" signature="(Ljava/lang/String;)Ljava/util/List;" line-rate="1" branch-rate="0" complexity="1"><lines><line number="22" hits="1" branch="false"><conditions/></line><line number="23" hits="1" branch="false"><conditions/></line><line number="25" hits="1" branch="false"><conditions/></line></lines></method><method name="matchesQuery" signature="(Ljava/lang/String;)Ljava/util/function/Predicate;" line-rate="1" branch-rate="0" complexity="1"><lines><line number="29" hits="1" branch="true" condition-coverage="100% (2/2)"><conditions><condition number="0" type="jump" coverage="100%"/></conditions></line><line number="30" hits="1" branch="true" condition-coverage="100% (2/2)"><conditions><condition number="0" type="jump" coverage="100%"/></conditions></line></lines></method><method name="isNotExcluded" signature="(Ljava/util/List;)Ljava/util/function/Predicate;" line-rate="1" branch-rate="0" complexity="1"><lines><line number="34" hits="1" branch="false"><conditions/></line></lines></method><method name="&lt;init&gt;" signature="(Lcom/foo/bar/domain/addresses/port/LoadAddressesPort;Lcom/foo/bar/domain/addresses/port/LoadExcludedZipCodesPort;)V" line-rate="1" branch-rate="0" complexity="1"><lines><line number="14" hits="1" branch="false"><conditions/></line></lines></method><method name="lambda$isNotExcluded$2" signature="(Ljava/util/List;Lcom/foo/bar/domain/addresses/model/Address;)Z" line-rate="1" branch-rate="0" complexity="1"><lines><line number="34" hits="1" branch="false"><conditions/></line></lines></method><method name="lambda$isNotExcluded$1" signature="(Lcom/foo/bar/domain/addresses/model/Address;Lcom/foo/bar/domain/addresses/model/ExcludedZipCode;)Z" line-rate="1" branch-rate="0.75" complexity="3"><lines><line number="35" hits="1" branch="true" condition-coverage="100% (2/2)"><conditions><condition number="0" type="jump" coverage="100%"/></conditions></line><line number="36" hits="1" branch="true" condition-coverage="50% (1/2)"><conditions><condition number="0" type="jump" coverage="50%"/></conditions></line></lines></method><method name="lambda$matchesQuery$0" signature="(Ljava/lang/String;Lcom/foo/bar/domain/addresses/model/Address;)Z" line-rate="1" branch-rate="1" complexity="3"><lines><line number="29" hits="1" branch="true" condition-coverage="100% (2/2)"><conditions><condition number="0" type="jump" coverage="100%"/></conditions></line><line number="30" hits="1" branch="true" condition-coverage="100% (2/2)"><conditions><condition number="0" type="jump" coverage="100%"/></conditions></line></lines></method></methods><lines><line number="14" hits="1" branch="false"><conditions/></line><line number="22" hits="1" branch="false"><conditions/></line><line number="23" hits="1" branch="false"><conditions/></line><line number="25" hits="1" branch="false"><conditions/></line><line number="29" hits="1" branch="true" condition-coverage="100% (2/2)"><conditions><condition number="0" type="jump" coverage="100%"/></conditions></line><line number="30" hits="1" branch="true" condition-coverage="100% (2/2)"><conditions><condition number="0" type="jump" coverage="100%"/></conditions></line><line number="34" hits="1" branch="false"><conditions/></line><line number="35" hits="1" branch="true" condition-coverage="100% (2/2)"><conditions><condition number="0" type="jump" coverage="100%"/></conditions></line><line number="36" hits="1" branch="true" condition-coverage="50% (1/2)"><conditions><condition number="0" type="jump" coverage="50%"/></conditions></line></lines></class></classes></packages><packages name="com.foo.bar.domain.testentities.model" line-rate="0.9090909090909091" branch-rate="0.25" complexity="53"><classes><class name="com.foo.bar.domain.testentities.model.Tree" filename="com/foo/bar/domain/testentities/model/Tree.java" line-rate="0.8823529411764706" branch-rate="0" complexity="4"><methods><method name="isAdult" signature="()Z" line-rate="0" branch-rate="0" complexity="1"><lines><line number="23" hits="0" branch="false"><conditions/></line></lines></method><method name="getLimit" signature="()I" line-rate="0" branch-rate="0" complexity="1"><lines><line number="24" hits="0" branch="false"><conditions/></line></lines></method><method name="&lt;init&gt;" signature="(Ljava/lang/String;IZI)V" line-rate="1" branch-rate="0" complexity="1"><lines><line number="7" hits="1" branch="false"><conditions/></line><line number="9" hits="1" branch="false"><conditions/></line><line number="10" hits="1" branch="false"><conditions/></line><line number="11" hits="1" branch="false"><conditions/></line><line number="12" hits="1" branch="false"><conditions/></line><line number="13" hits="1" branch="false"><conditions/></line><line number="14" hits="1" branch="false"><conditions/></line><line number="15" hits="1" branch="false"><conditions/></line><line number="16" hits="1" branch="false"><conditions/></line><line number="17" hits="1" branch="false"><conditions/></line><line number="18" hits="1" branch="false"><conditions/></line><line number="19" hits="1" branch="false"><conditions/></line><line number="20" hits="1" branch="false"><conditions/></line><line number="21" hits="1" branch="false"><conditions/></line></lines></method><method name="&lt;clinit&gt;" signature="()V" line-rate="1" branch-rate="0" complexity="1"><lines><line number="6" hits="1" branch="false"><conditions/></line></lines></method></methods><lines><line number="6" hits="1" branch="false"><conditions/></line><line number="7" hits="1" branch="false"><conditions/></line><line number="9" hits="1" branch="false"><conditions/></line><line number="10" hits="1" branch="false"><conditions/></line><line number="11" hits="1" branch="false"><conditions/></line><line number="12" hits="1" branch="false"><conditions/></line><line number="13" hits="1" branch="false"><conditions/></line><line number="14" hits="1" branch="false"><conditions/></line><line number="15" hits="1" branch="false"><conditions/></line><line number="16" hits="1" branch="false"><conditions/></line><line number="17" hits="1" branch="false"><conditions/></line><line number="18" hits="1" branch="false"><conditions/></line><line number="19" hits="1" branch="false"><conditions/></line><line number="20" hits="1" branch="false"><conditions/></line><line number="21" hits="1" branch="false"><conditions/></line><line number="23" hits="0" branch="false"><conditions/></line><line number="24" hits="0" branch="false"><conditions/></line></lines></class><class name="com.foo.bar.domain.testentities.model.TestEntityType" filename="com/foo/bar/domain/testentities/model/TestEntityType.java" line-rate="1" branch-rate="0" complexity="1"><methods><method name="&lt;clinit&gt;" signature="()V" line-rate="1" branch-rate="0" complexity="1"><lines><line number="3" hits="1" branch="false"><conditions/></line><line number="5" hits="1" branch="false"><conditions/></line><line number="8" hits="1" branch="false"><conditions/></line><line number="9" hits="1" branch="false"><conditions/></line><line number="10" hits="1" branch="false"><conditions/></line><line number="11" hits="1" branch="false"><conditions/></line><line number="14" hits="1" branch="false"><conditions/></line><line number="15" hits="1" branch="false"><conditions/></line><line number="16" hits="1" branch="false"><conditions/></line><line number="19" hits="1" branch="false"><conditions/></line></lines></method></methods><lines><line number="3" hits="1" branch="false"><conditions/></line><line number="5" hits="1" branch="false"><conditions/></line><line number="8" hits="1" branch="false"><conditions/></line><line number="9" hits="1" branch="false"><conditions/></line><line number="10" hits="1" branch="false"><conditions/></line><line number="11" hits="1" branch="false"><conditions/></line><line number="14" hits="1" branch="false"><conditions/></line><line number="15" hits="1" branch="false"><conditions/></line><line number="16" hits="1" branch="false"><conditions/></line><line number="19" hits="1" branch="false"><conditions/></line></lines></class><class name="com.foo.bar.domain.testentities.model.House" filename="com/foo/bar/domain/testentities/model/House.java" line-rate="1" branch-rate="0" complexity="1"><methods><method name="&lt;clinit&gt;" signature="()V" line-rate="1" branch-rate="0" complexity="1"><lines><line number="3" hits="1" branch="false"><conditions/></line><line number="4" hits="1" branch="false"><conditions/></line><line number="5" hits="1" branch="false"><conditions/></line></lines></method></methods><lines><line number="3" hits="1" branch="false"><conditions/></line><line number="4" hits="1" branch="false"><conditions/></line><line number="5" hits="1" branch="false"><conditions/></line></lines></class><class name="com.foo.bar.domain.testentities.model.TestEntityKey" filename="com/foo/bar/domain/testentities/model/TestEntityKey.java" line-rate="1" branch-rate="0.35" complexity="16"><methods><method name="&lt;init&gt;" signature="(Lcom/foo/bar/domain/testentities/model/TestEntityType;Lcom/foo/bar/domain/testentities/model/Lock;)V" line-rate="1" branch-rate="0" complexity="1"><lines><line number="5" hits="1" branch="true" condition-coverage="35% (7/20)"><conditions><condition number="0" type="jump" coverage="35%"/></conditions></line></lines></method><method name="getType" signature="()Lcom/foo/bar/domain/testentities/model/TestEntityType;" line-rate="1" branch-rate="0" complexity="1"><lines><line number="8" hits="1" branch="false"><conditions/></line></lines></method><method name="getLock" signature="()Lcom/foo/bar/domain/testentities/model/Lock;" line-rate="1" branch-rate="0" complexity="1"><lines><line number="9" hits="1" branch="false"><conditions/></line></lines></method><method name="equals" signature="(Ljava/lang/Object;)Z" line-rate="1" branch-rate="0.3125" complexity="9"><lines><line number="5" hits="1" branch="true" condition-coverage="35% (7/20)"><conditions><condition number="0" type="jump" coverage="35%"/></conditions></line></lines></method><method name="hashCode" signature="()I" line-rate="1" branch-rate="0.5" complexity="3"><lines><line number="5" hits="1" branch="true" condition-coverage="35% (7/20)"><conditions><condition number="0" type="jump" coverage="35%"/></conditions></line></lines></method><method name="toString" signature="()Ljava/lang/String;" line-rate="1" branch-rate="0" complexity="1"><lines><line number="5" hits="1" branch="true" condition-coverage="35% (7/20)"><conditions><condition number="0" type="jump" coverage="35%"/></conditions></line></lines></method></methods><lines><line number="5" hits="1" branch="true" condition-coverage="35% (7/20)"><conditions><condition number="0" type="jump" coverage="35%"/></conditions></line><line number="8" hits="1" branch="false"><conditions/></line><line number="9" hits="1" branch="false"><conditions/></line></lines></class><class name="com.foo.bar.domain.testentities.model.TestEntityCriteria" filename="com/foo/bar/domain/testentities/model/TestEntityCriteria.java" line-rate="0.3333333333333333" branch-rate="0" complexity="14"><methods><method name="&lt;init&gt;" signature="(Lcom/foo/bar/domain/testentities/model/Tree;Z)V" line-rate="1" branch-rate="0" complexity="1"><lines><line number="5" hits="1" branch="true" condition-coverage="0% (0/16)"><conditions><condition number="0" type="jump" coverage="0%"/></conditions></line></lines></method><method name="getTree" signature="()Lcom/foo/bar/domain/testentities/model/Tree;" line-rate="0" branch-rate="0" complexity="1"><lines><line number="8" hits="0" branch="false"><conditions/></line></lines></method><method name="isIncludesAccidentCoverage" signature="()Z" line-rate="0" branch-rate="0" complexity="1"><lines><line number="9" hits="0" branch="false"><conditions/></line></lines></method><method name="equals" signature="(Ljava/lang/Object;)Z" line-rate="0" branch-rate="0" complexity="7"><lines><line number="5" hits="1" branch="true" condition-coverage="0% (0/16)"><conditions><condition number="0" type="jump" coverage="0%"/></conditions></line></lines></method><method name="hashCode" signature="()I" line-rate="0" branch-rate="0" complexity="3"><lines><line number="5" hits="1" branch="true" condition-coverage="0% (0/16)"><conditions><condition number="0" type="jump" coverage="0%"/></conditions></line></lines></method><method name="toString" signature="()Ljava/lang/String;" line-rate="0" branch-rate="0" complexity="1"><lines><line number="5" hits="1" branch="true" condition-coverage="0% (0/16)"><conditions><condition number="0" type="jump" coverage="0%"/></conditions></line></lines></method></methods><lines><line number="5" hits="1" branch="true" condition-coverage="0% (0/16)"><conditions><condition number="0" type="jump" coverage="0%"/></conditions></line><line number="8" hits="0" branch="false"><conditions/></line><line number="9" hits="0" branch="false"><conditions/></line></lines></class><class name="com.foo.bar.domain.testentities.model.Lock" filename="com/foo/bar/domain/testentities/model/Lock.java" line-rate="1" branch-rate="0" complexity="1"><methods><method name="&lt;clinit&gt;" signature="()V" line-rate="1" branch-rate="0" complexity="1"><lines><line number="3" hits="1" branch="false"><conditions/></line><line number="4" hits="1" branch="false"><conditions/></line><line number="5" hits="1" branch="false"><conditions/></line><line number="6" hits="1" branch="false"><conditions/></line><line number="7" hits="1" branch="false"><conditions/></line></lines></method></methods><lines><line number="3" hits="1" branch="false"><conditions/></line><line number="4" hits="1" branch="false"><conditions/></line><line number="5" hits="1" branch="false"><conditions/></line><line number="6" hits="1" branch="false"><conditions/></line><line number="7" hits="1" branch="false"><conditions/></line></lines></class><class name="com.foo.bar.domain.testentities.model.TestEntity" filename="com/foo/bar/domain/testentities/model/TestEntity.java" line-rate="1" branch-rate="0.35" complexity="16"><methods><method name="&lt;init&gt;" signature="(Lcom/foo/bar/domain/testentities/model/TestEntityKey;Ljava/math/BigDecimal;)V" line-rate="1" branch-rate="0" complexity="1"><lines><line number="6" hits="1" branch="true" condition-coverage="35% (7/20)"><conditions><condition number="0" type="jump" coverage="35%"/></conditions></line></lines></method><method name="getKey" signature="()Lcom/foo/bar/domain/testentities/model/TestEntityKey;" line-rate="1" branch-rate="0" complexity="1"><lines><line number="9" hits="1" branch="false"><conditions/></line></lines></method><method name="getPrice" signature="()Ljava/math/BigDecimal;" line-rate="1" branch-rate="0" complexity="1"><lines><line number="10" hits="1" branch="false"><conditions/></line></lines></method><method name="equals" signature="(Ljava/lang/Object;)Z" line-rate="1" branch-rate="0.4375" complexity="9"><lines><line number="6" hits="1" branch="true" condition-coverage="35% (7/20)"><conditions><condition number="0" type="jump" coverage="35%"/></conditions></line></lines></method><method name="hashCode" signature="()I" line-rate="0" branch-rate="0" complexity="3"><lines><line number="6" hits="1" branch="true" condition-coverage="35% (7/20)"><conditions><condition number="0" type="jump" coverage="35%"/></conditions></line></lines></method><method name="toString" signature="()Ljava/lang/String;" line-rate="0" branch-rate="0" complexity="1"><lines><line number="6" hits="1" branch="true" condition-coverage="35% (7/20)"><conditions><condition number="0" type="jump" coverage="35%"/></conditions></line></lines></method></methods><lines><line number="6" hits="1" branch="true" condition-coverage="35% (7/20)"><conditions><condition number="0" type="jump" coverage="35%"/></conditions></line><line number="9" hits="1" branch="false"><conditions/></line><line number="10" hits="1" branch="false"><conditions/></line></lines></class></classes></packages><packages name="com.foo.bar.domain.offers.model" line-rate="0" branch-rate="0" complexity="71"><classes><class name="com.foo.bar.domain.offers.model.OfferRequest" filename="com/foo/bar/domain/offers/model/OfferRequest.java" line-rate="0" branch-rate="0" complexity="23"><methods><method name="&lt;init&gt;" signature="(Ljava/time/LocalDate;ILjava/lang/String;Ljava/util/List;)V" line-rate="0" branch-rate="0" complexity="1"><lines><line number="7" hits="0" branch="true" condition-coverage="0% (0/30)"><conditions><condition number="0" type="jump" coverage="0%"/></conditions></line></lines></method><method name="getSaleOfferBegin" signature="()Ljava/time/LocalDate;" line-rate="0" branch-rate="0" complexity="1"><lines><line number="10" hits="0" branch="false"><conditions/></line></lines></method><method name="getBfsNumber" signature="()I" line-rate="0" branch-rate="0" complexity="1"><lines><line number="11" hits="0" branch="false"><conditions/></line></lines></method><method name="getZipCode" signature="()Ljava/lang/String;" line-rate="0" branch-rate="0" complexity="1"><lines><line number="12" hits="0" branch="false"><conditions/></line></lines></method><method name="getPersonOfferRequests" signature="()Ljava/util/List;" line-rate="0" branch-rate="0" complexity="1"><lines><line number="13" hits="0" branch="false"><conditions/></line></lines></method><method name="equals" signature="(Ljava/lang/Object;)Z" line-rate="0" branch-rate="0" complexity="13"><lines><line number="7" hits="0" branch="true" condition-coverage="0% (0/30)"><conditions><condition number="0" type="jump" coverage="0%"/></conditions></line></lines></method><method name="hashCode" signature="()I" line-rate="0" branch-rate="0" complexity="4"><lines><line number="7" hits="0" branch="true" condition-coverage="0% (0/30)"><conditions><condition number="0" type="jump" coverage="0%"/></conditions></line></lines></method><method name="toString" signature="()Ljava/lang/String;" line-rate="0" branch-rate="0" complexity="1"><lines><line number="7" hits="0" branch="true" condition-coverage="0% (0/30)"><conditions><condition number="0" type="jump" coverage="0%"/></conditions></line></lines></method></methods><lines><line number="7" hits="0" branch="true" condition-coverage="0% (0/30)"><conditions><condition number="0" type="jump" coverage="0%"/></conditions></line><line number="10" hits="0" branch="false"><conditions/></line><line number="11" hits="0" branch="false"><conditions/></line><line number="12" hits="0" branch="false"><conditions/></line><line number="13" hits="0" branch="false"><conditions/></line></lines></class><class name="com.foo.bar.domain.offers.model.TestEntityOfferRequest" filename="com/foo/bar/domain/offers/model/TestEntityOfferRequest.java" line-rate="0" branch-rate="0" complexity="16"><methods><method name="&lt;init&gt;" signature="(Lcom/foo/bar/domain/testentities/model/TestEntityKey;Lcom/foo/bar/domain/testentities/model/TestEntityCriteria;)V" line-rate="0" branch-rate="0" complexity="1"><lines><line number="7" hits="0" branch="true" condition-coverage="0% (0/20)"><conditions><condition number="0" type="jump" coverage="0%"/></conditions></line></lines></method><method name="getKey" signature="()Lcom/foo/bar/domain/testentities/model/TestEntityKey;" line-rate="0" branch-rate="0" complexity="1"><lines><line number="10" hits="0" branch="false"><conditions/></line></lines></method><method name="getCriteria" signature="()Lcom/foo/bar/domain/testentities/model/TestEntityCriteria;" line-rate="0" branch-rate="0" complexity="1"><lines><line number="11" hits="0" branch="false"><conditions/></line></lines></method><method name="equals" signature="(Ljava/lang/Object;)Z" line-rate="0" branch-rate="0" complexity="9"><lines><line number="7" hits="0" branch="true" condition-coverage="0% (0/20)"><conditions><condition number="0" type="jump" coverage="0%"/></conditions></line></lines></method><method name="hashCode" signature="()I" line-rate="0" branch-rate="0" complexity="3"><lines><line number="7" hits="0" branch="true" condition-coverage="0% (0/20)"><conditions><condition number="0" type="jump" coverage="0%"/></conditions></line></lines></method><method name="toString" signature="()Ljava/lang/String;" line-rate="0" branch-rate="0" complexity="1"><lines><line number="7" hits="0" branch="true" condition-coverage="0% (0/20)"><conditions><condition number="0" type="jump" coverage="0%"/></conditions></line></lines></method></methods><lines><line number="7" hits="0" branch="true" condition-coverage="0% (0/20)"><conditions><condition number="0" type="jump" coverage="0%"/></conditions></line><line number="10" hits="0" branch="false"><conditions/></line><line number="11" hits="0" branch="false"><conditions/></line></lines></class><class name="com.foo.bar.domain.offers.model.PersonOfferRequest" filename="com/foo/bar/domain/offers/model/PersonOfferRequest.java" line-rate="0" branch-rate="0" complexity="21"><methods><method name="&lt;init&gt;" signature="(Ljava/time/LocalDate;Lcom/foo/bar/domain/testentities/model/House;Lcom/foo/bar/domain/offers/model/TestEntityOfferRequest;)V" line-rate="0" branch-rate="0" complexity="1"><lines><line number="7" hits="0" branch="true" condition-coverage="0% (0/28)"><conditions><condition number="0" type="jump" coverage="0%"/></conditions></line></lines></method><method name="getDateOfBirth" signature="()Ljava/time/LocalDate;" line-rate="0" branch-rate="0" complexity="1"><lines><line number="10" hits="0" branch="false"><conditions/></line></lines></method><method name="getHouse" signature="()Lcom/foo/bar/domain/testentities/model/House;" line-rate="0" branch-rate="0" complexity="1"><lines><line number="11" hits="0" branch="false"><conditions/></line></lines></method><method name="getTestEntityOfferRequest" signature="()Lcom/foo/bar/domain/offers/model/TestEntityOfferRequest;" line-rate="0" branch-rate="0" complexity="1"><lines><line number="12" hits="0" branch="false"><conditions/></line></lines></method><method name="equals" signature="(Ljava/lang/Object;)Z" line-rate="0" branch-rate="0" complexity="12"><lines><line number="7" hits="0" branch="true" condition-coverage="0% (0/28)"><conditions><condition number="0" type="jump" coverage="0%"/></conditions></line></lines></method><method name="hashCode" signature="()I" line-rate="0" branch-rate="0" complexity="4"><lines><line number="7" hits="0" branch="true" condition-coverage="0% (0/28)"><conditions><condition number="0" type="jump" coverage="0%"/></conditions></line></lines></method><method name="toString" signature="()Ljava/lang/String;" line-rate="0" branch-rate="0" complexity="1"><lines><line number="7" hits="0" branch="true" condition-coverage="0% (0/28)"><conditions><condition number="0" type="jump" coverage="0%"/></conditions></line></lines></method></methods><lines><line number="7" hits="0" branch="true" condition-coverage="0% (0/28)"><conditions><condition number="0" type="jump" coverage="0%"/></conditions></line><line number="10" hits="0" branch="false"><conditions/></line><line number="11" hits="0" branch="false"><conditions/></line><line number="12" hits="0" branch="false"><conditions/></line></lines></class><class name="com.foo.bar.domain.offers.model.PersonOffer" filename="com/foo/bar/domain/offers/model/PersonOffer.java" line-rate="0" branch-rate="0" complexity="11"><methods><method name="&lt;init&gt;" signature="(Ljava/math/BigDecimal;)V" line-rate="0" branch-rate="0" complexity="1"><lines><line number="6" hits="0" branch="true" condition-coverage="0% (0/12)"><conditions><condition number="0" type="jump" coverage="0%"/></conditions></line></lines></method><method name="getTestEntityPrice" signature="()Ljava/math/BigDecimal;" line-rate="0" branch-rate="0" complexity="1"><lines><line number="9" hits="0" branch="false"><conditions/></line></lines></method><method name="equals" signature="(Ljava/lang/Object;)Z" line-rate="0" branch-rate="0" complexity="6"><lines><line number="6" hits="0" branch="true" condition-coverage="0% (0/12)"><conditions><condition number="0" type="jump" coverage="0%"/></conditions></line></lines></method><method name="hashCode" signature="()I" line-rate="0" branch-rate="0" complexity="2"><lines><line number="6" hits="0" branch="true" condition-coverage="0% (0/12)"><conditions><condition number="0" type="jump" coverage="0%"/></conditions></line></lines></method><method name="toString" signature="()Ljava/lang/String;" line-rate="0" branch-rate="0" complexity="1"><lines><line number="6" hits="0" branch="true" condition-coverage="0% (0/12)"><conditions><condition number="0" type="jump" coverage="0%"/></conditions></line></lines></method></methods><lines><line number="6" hits="0" branch="true" condition-coverage="0% (0/12)"><conditions><condition number="0" type="jump" coverage="0%"/></conditions></line><line number="9" hits="0" branch="false"><conditions/></line></lines></class></classes></packages><packages name="com.foo.bar.domain.submission" line-rate="1" branch-rate="0" complexity="4"><classes><class name="com.foo.bar.domain.submission.StartSubmissionService" filename="com/foo/bar/domain/submission/StartSubmissionService.java" line-rate="1" branch-rate="0" complexity="4"><methods><method name="startSubmissionProcess" signature="(Lcom/foo/bar/domain/submission/model/Submission;)Ljava/util/UUID;" line-rate="1" branch-rate="0" complexity="1"><lines><line number="19" hits="1" branch="false"><conditions/></line></lines></method><method name="getSubmissionProcessStatus" signature="(Ljava/util/UUID;)Lcom/foo/bar/domain/submission/model/HouseStatus;" line-rate="1" branch-rate="0" complexity="1"><lines><line number="24" hits="1" branch="false"><conditions/></line></lines></method><method name="getSubmissionProcessEntryUrl" signature="(Ljava/util/UUID;)Ljava/lang/String;" line-rate="1" branch-rate="0" complexity="1"><lines><line number="29" hits="1" branch="false"><conditions/></line></lines></method><method name="&lt;init&gt;" signature="(Lcom/foo/bar/domain/submission/port/StartSubmissionPort;)V" line-rate="1" branch-rate="0" complexity="1"><lines><line number="12" hits="1" branch="false"><conditions/></line></lines></method></methods><lines><line number="12" hits="1" branch="false"><conditions/></line><line number="19" hits="1" branch="false"><conditions/></line><line number="24" hits="1" branch="false"><conditions/></line><line number="29" hits="1" branch="false"><conditions/></line></lines></class></classes></packages><packages name="com.foo.bar.domain" line-rate="0" branch-rate="0" complexity="1"><classes><class name="com.foo.bar.domain.DomainConfig" filename="com/foo/bar/domain/DomainConfig.java" line-rate="0" branch-rate="0" complexity="1"><methods><method name="&lt;init&gt;" signature="()V" line-rate="0" branch-rate="0" complexity="1"><lines><line number="8" hits="0" branch="false"><conditions/></line></lines></method></methods><lines><line number="8" hits="0" branch="false"><conditions/></line></lines></class></classes></packages><packages name="com.foo.bar.domain.testentities" line-rate="1" branch-rate="1" complexity="7"><classes><class name="com.foo.bar.domain.testentities.CollectTestEntitiesService" filename="com/foo/bar/domain/testentities/CollectTestEntitiesService.java" line-rate="1" branch-rate="1" complexity="7"><methods><method name="findAllAvailabletestEntities" signature="(Ljava/time/LocalDate;Ljava/time/LocalDate;Lcom/foo/bar/domain/testentities/model/House;ILjava/lang/String;Lcom/foo/bar/domain/testentities/model/TestEntityCriteria;)Ljava/util/List;" line-rate="1" branch-rate="0" complexity="1"><lines><line number="36" hits="1" branch="false"><conditions/></line><line number="41" hits="1" branch="false"><conditions/></line><line number="42" hits="1" branch="false"><conditions/></line><line number="47" hits="1" branch="false"><conditions/></line></lines></method><method name="priceIsAvailableOrLog" signature="(Lcom/foo/bar/domain/testentities/model/TestEntityKey;Ljava/util/Map;)Z" line-rate="1" branch-rate="1" complexity="2"><lines><line number="54" hits="1" branch="false"><conditions/></line><line number="55" hits="1" branch="true" condition-coverage="100% (2/2)"><conditions><condition number="0" type="jump" coverage="100%"/></conditions></line><line number="56" hits="1" branch="false"><conditions/></line><line number="58" hits="1" branch="false"><conditions/></line></lines></method><method name="&lt;init&gt;" signature="(Lcom/foo/bar/domain/testentities/port/LoadtestentitiesPort;Lcom/foo/bar/domain/testentities/port/FindRegionPort;Lcom/foo/bar/domain/testentities/port/LoadTestEntityPricesPort;)V" line-rate="1" branch-rate="0" complexity="1"><lines><line number="21" hits="1" branch="false"><conditions/></line></lines></method><method name="lambda$findAllAvailabletestEntities$1" signature="(Ljava/util/Map;Lcom/foo/bar/domain/testentities/model/TestEntityKey;)Lcom/foo/bar/domain/testentities/model/TestEntity;" line-rate="1" branch-rate="0" complexity="1"><lines><line number="49" hits="1" branch="false"><conditions/></line><line number="50" hits="1" branch="false"><conditions/></line></lines></method><method name="lambda$findAllAvailabletestEntities$0" signature="(Ljava/util/Map;Lcom/foo/bar/domain/testentities/model/TestEntityKey;)Z" line-rate="1" branch-rate="0" complexity="1"><lines><line number="48" hits="1" branch="false"><conditions/></line></lines></method><method name="&lt;clinit&gt;" signature="()V" line-rate="1" branch-rate="0" complexity="1"><lines><line number="19" hits="1" branch="false"><conditions/></line></lines></method></methods><lines><line number="19" hits="1" branch="false"><conditions/></line><line number="21" hits="1" branch="false"><conditions/></line><line number="36" hits="1" branch="false"><conditions/></line><line number="41" hits="1" branch="false"><conditions/></line><line number="42" hits="1" branch="false"><conditions/></line><line number="47" hits="1" branch="false"><conditions/></line><line number="48" hits="1" branch="false"><conditions/></line><line number="49" hits="1" branch="false"><conditions/></line><line number="50" hits="1" branch="false"><conditions/></line><line number="54" hits="1" branch="false"><conditions/></line><line number="55" hits="1" branch="true" condition-coverage="100% (2/2)"><conditions><condition number="0" type="jump" coverage="100%"/></conditions></line><line number="56" hits="1" branch="false"><conditions/></line><line number="58" hits="1" branch="false"><conditions/></line></lines></class></classes></packages><packages name="com.foo.bar.domain.testentities.port" line-rate="0" branch-rate="0" complexity="0"><classes><class name="com.foo.bar.domain.testentities.port.LoadtestentitiesPort" filename="com/foo/bar/domain/testentities/port/LoadtestentitiesPort.java" line-rate="0" branch-rate="0" complexity="0"><methods/><lines/></class><class name="com.foo.bar.domain.testentities.port.CollecttestentitiesUseCase" filename="com/foo/bar/domain/testentities/port/CollecttestentitiesUseCase.java" line-rate="0" branch-rate="0" complexity="0"><methods/><lines/></class><class name="com.foo.bar.domain.testentities.port.LoadTestEntityPricesPort" filename="com/foo/bar/domain/testentities/port/LoadTestEntityPricesPort.java" line-rate="0" branch-rate="0" complexity="0"><methods/><lines/></class><class name="com.foo.bar.domain.testentities.port.FindRegionPort" filename="com/foo/bar/domain/testentities/port/FindRegionPort.java" line-rate="0" branch-rate="0" complexity="0"><methods/><lines/></class></classes></packages><packages name="com.foo.bar.domain.addresses.port" line-rate="0" branch-rate="0" complexity="0"><classes><class name="com.foo.bar.domain.addresses.port.LoadAddressesPort" filename="com/foo/bar/domain/addresses/port/LoadAddressesPort.java" line-rate="0" branch-rate="0" complexity="0"><methods/><lines/></class><class name="com.foo.bar.domain.addresses.port.SuggestAddressesUseCase" filename="com/foo/bar/domain/addresses/port/SuggestAddressesUseCase.java" line-rate="0" branch-rate="0" complexity="0"><methods/><lines/></class><class name="com.foo.bar.domain.addresses.port.LoadExcludedZipCodesPort" filename="com/foo/bar/domain/addresses/port/LoadExcludedZipCodesPort.java" line-rate="0" branch-rate="0" complexity="0"><methods/><lines/></class></classes></packages><packages name="com.foo.bar.domain.addresses.model" line-rate="0.7777777777777778" branch-rate="0" complexity="44"><classes><class name="com.foo.bar.domain.addresses.model.ExcludedZipCode" filename="com/foo/bar/domain/addresses/model/ExcludedZipCode.java" line-rate="1" branch-rate="0" complexity="16"><methods><method name="&lt;init&gt;" signature="(Ljava/lang/String;Ljava/lang/String;)V" line-rate="1" branch-rate="0" complexity="1"><lines><line number="5" hits="1" branch="true" condition-coverage="0% (0/20)"><conditions><condition number="0" type="jump" coverage="0%"/></conditions></line></lines></method><method name="getZipCode" signature="()Ljava/lang/String;" line-rate="1" branch-rate="0" complexity="1"><lines><line number="8" hits="1" branch="false"><conditions/></line></lines></method><method name="getZipCodeExtension" signature="()Ljava/lang/String;" line-rate="1" branch-rate="0" complexity="1"><lines><line number="9" hits="1" branch="false"><conditions/></line></lines></method><method name="equals" signature="(Ljava/lang/Object;)Z" line-rate="0" branch-rate="0" complexity="9"><lines><line number="5" hits="1" branch="true" condition-coverage="0% (0/20)"><conditions><condition number="0" type="jump" coverage="0%"/></conditions></line></lines></method><method name="hashCode" signature="()I" line-rate="0" branch-rate="0" complexity="3"><lines><line number="5" hits="1" branch="true" condition-coverage="0% (0/20)"><conditions><condition number="0" type="jump" coverage="0%"/></conditions></line></lines></method><method name="toString" signature="()Ljava/lang/String;" line-rate="0" branch-rate="0" complexity="1"><lines><line number="5" hits="1" branch="true" condition-coverage="0% (0/20)"><conditions><condition number="0" type="jump" coverage="0%"/></conditions></line></lines></method></methods><lines><line number="5" hits="1" branch="true" condition-coverage="0% (0/20)"><conditions><condition number="0" type="jump" coverage="0%"/></conditions></line><line number="8" hits="1" branch="false"><conditions/></line><line number="9" hits="1" branch="false"><conditions/></line></lines></class><class name="com.foo.bar.domain.addresses.model.Address" filename="com/foo/bar/domain/addresses/model/Address.java" line-rate="0.6666666666666666" branch-rate="0" complexity="28"><methods><method name="&lt;init&gt;" signature="(Ljava/lang/String;Ljava/lang/String;Ljava/lang/String;Ljava/lang/String;I)V" line-rate="1" branch-rate="0" complexity="1"><lines><line number="5" hits="1" branch="true" condition-coverage="0% (0/38)"><conditions><condition number="0" type="jump" coverage="0%"/></conditions></line></lines></method><method name="getZipCode" signature="()Ljava/lang/String;" line-rate="1" branch-rate="0" complexity="1"><lines><line number="8" hits="1" branch="false"><conditions/></line></lines></method><method name="getZipCodeExtension" signature="()Ljava/lang/String;" line-rate="1" branch-rate="0" complexity="1"><lines><line number="9" hits="1" branch="false"><conditions/></line></lines></method><method name="getCity" signature="()Ljava/lang/String;" line-rate="1" branch-rate="0" complexity="1"><lines><line number="10" hits="1" branch="false"><conditions/></line></lines></method><method name="getMunicipality" signature="()Ljava/lang/String;" line-rate="0" branch-rate="0" complexity="1"><lines><line number="11" hits="0" branch="false"><conditions/></line></lines></method><method name="getBfsNumber" signature="()I" line-rate="0" branch-rate="0" complexity="1"><lines><line number="12" hits="0" branch="false"><conditions/></line></lines></method><method name="equals" signature="(Ljava/lang/Object;)Z" line-rate="0" branch-rate="0" complexity="16"><lines><line number="5" hits="1" branch="true" condition-coverage="0% (0/38)"><conditions><condition number="0" type="jump" coverage="0%"/></conditions></line></lines></method><method name="hashCode" signature="()I" line-rate="0" branch-rate="0" complexity="5"><lines><line number="5" hits="1" branch="true" condition-coverage="0% (0/38)"><conditions><condition number="0" type="jump" coverage="0%"/></conditions></line></lines></method><method name="toString" signature="()Ljava/lang/String;" line-rate="0" branch-rate="0" complexity="1"><lines><line number="5" hits="1" branch="true" condition-coverage="0% (0/38)"><conditions><condition number="0" type="jump" coverage="0%"/></conditions></line></lines></method></methods><lines><line number="5" hits="1" branch="true" condition-coverage="0% (0/38)"><conditions><condition number="0" type="jump" coverage="0%"/></conditions></line><line number="8" hits="1" branch="false"><conditions/></line><line number="9" hits="1" branch="false"><conditions/></line><line number="10" hits="1" branch="false"><conditions/></line><line number="11" hits="0" branch="false"><conditions/></line><line number="12" hits="0" branch="false"><conditions/></line></lines></class></classes></packages><packages name="com.foo.bar.domain.submission.model" line-rate="0.21428571428571427" branch-rate="0" complexity="124"><classes><class name="com.foo.bar.domain.submission.model.SubmissionPerson" filename="com/foo/bar/domain/submission/model/SubmissionPerson.java" line-rate="0" branch-rate="0" complexity="36"><methods><method name="&lt;init&gt;" signature="(Ljava/lang/String;Ljava/lang/String;Ljava/time/LocalDate;Lcom/foo/bar/domain/testentities/model/House;Lcom/foo/bar/domain/submission/model/HouseContactData;Lcom/foo/bar/domain/submission/model/HouseOffer;)V" line-rate="0" branch-rate="0" complexity="1"><lines><line number="7" hits="0" branch="true" condition-coverage="0% (0/52)"><conditions><condition number="0" type="jump" coverage="0%"/></conditions></line></lines></method><method name="getFirstName" signature="()Ljava/lang/String;" line-rate="0" branch-rate="0" complexity="1"><lines><line number="10" hits="0" branch="false"><conditions/></line></lines></method><method name="getLastName" signature="()Ljava/lang/String;" line-rate="0" branch-rate="0" complexity="1"><lines><line number="11" hits="0" branch="false"><conditions/></line></lines></method><method name="getDateOfBirth" signature="()Ljava/time/LocalDate;" line-rate="0" branch-rate="0" complexity="1"><lines><line number="12" hits="0" branch="false"><conditions/></line></lines></method><method name="getHouse" signature="()Lcom/foo/bar/domain/testentities/model/House;" line-rate="0" branch-rate="0" complexity="1"><lines><line number="13" hits="0" branch="false"><conditions/></line></lines></method><method name="getContactData" signature="()Lcom/foo/bar/domain/submission/model/HouseContactData;" line-rate="0" branch-rate="0" complexity="1"><lines><line number="14" hits="0" branch="false"><conditions/></line></lines></method><method name="getOffer" signature="()Lcom/foo/bar/domain/submission/model/HouseOffer;" line-rate="0" branch-rate="0" complexity="1"><lines><line number="15" hits="0" branch="false"><conditions/></line></lines></method><method name="equals" signature="(Ljava/lang/Object;)Z" line-rate="0" branch-rate="0" complexity="21"><lines><line number="7" hits="0" branch="true" condition-coverage="0% (0/52)"><conditions><condition number="0" type="jump" coverage="0%"/></conditions></line></lines></method><method name="hashCode" signature="()I" line-rate="0" branch-rate="0" complexity="7"><lines><line number="7" hits="0" branch="true" condition-coverage="0% (0/52)"><conditions><condition number="0" type="jump" coverage="0%"/></conditions></line></lines></method><method name="toString" signature="()Ljava/lang/String;" line-rate="0" branch-rate="0" complexity="1"><lines><line number="7" hits="0" branch="true" condition-coverage="0% (0/52)"><conditions><condition number="0" type="jump" coverage="0%"/></conditions></line></lines></method></methods><lines><line number="7" hits="0" branch="true" condition-coverage="0% (0/52)"><conditions><condition number="0" type="jump" coverage="0%"/></conditions></line><line number="10" hits="0" branch="false"><conditions/></line><line number="11" hits="0" branch="false"><conditions/></line><line number="12" hits="0" branch="false"><conditions/></line><line number="13" hits="0" branch="false"><conditions/></line><line number="14" hits="0" branch="false"><conditions/></line><line number="15" hits="0" branch="false"><conditions/></line></lines></class><class name="com.foo.bar.domain.submission.model.TestEntityOffer" filename="com/foo/bar/domain/submission/model/TestEntityOffer.java" line-rate="0" branch-rate="0" complexity="21"><methods><method name="&lt;init&gt;" signature="(Lcom/foo/bar/domain/testentities/model/TestEntityKey;Lcom/foo/bar/domain/testentities/model/TestEntityCriteria;Ljava/lang/String;)V" line-rate="0" branch-rate="0" complexity="1"><lines><line number="7" hits="0" branch="true" condition-coverage="0% (0/28)"><conditions><condition number="0" type="jump" coverage="0%"/></conditions></line></lines></method><method name="getKey" signature="()Lcom/foo/bar/domain/testentities/model/TestEntityKey;" line-rate="0" branch-rate="0" complexity="1"><lines><line number="10" hits="0" branch="false"><conditions/></line></lines></method><method name="getCriteria" signature="()Lcom/foo/bar/domain/testentities/model/TestEntityCriteria;" line-rate="0" branch-rate="0" complexity="1"><lines><line number="11" hits="0" branch="false"><conditions/></line></lines></method><method name="getMedicZsr" signature="()Ljava/lang/String;" line-rate="0" branch-rate="0" complexity="1"><lines><line number="12" hits="0" branch="false"><conditions/></line></lines></method><method name="equals" signature="(Ljava/lang/Object;)Z" line-rate="0" branch-rate="0" complexity="12"><lines><line number="7" hits="0" branch="true" condition-coverage="0% (0/28)"><conditions><condition number="0" type="jump" coverage="0%"/></conditions></line></lines></method><method name="hashCode" signature="()I" line-rate="0" branch-rate="0" complexity="4"><lines><line number="7" hits="0" branch="true" condition-coverage="0% (0/28)"><conditions><condition number="0" type="jump" coverage="0%"/></conditions></line></lines></method><method name="toString" signature="()Ljava/lang/String;" line-rate="0" branch-rate="0" complexity="1"><lines><line number="7" hits="0" branch="true" condition-coverage="0% (0/28)"><conditions><condition number="0" type="jump" coverage="0%"/></conditions></line></lines></method></methods><lines><line number="7" hits="0" branch="true" condition-coverage="0% (0/28)"><conditions><condition number="0" type="jump" coverage="0%"/></conditions></line><line number="10" hits="0" branch="false"><conditions/></line><line number="11" hits="0" branch="false"><conditions/></line><line number="12" hits="0" branch="false"><conditions/></line></lines></class><class name="com.foo.bar.domain.submission.model.HouseOffer" filename="com/foo/bar/domain/submission/model/HouseOffer.java" line-rate="0" branch-rate="0" complexity="11"><methods><method name="&lt;init&gt;" signature="(Lcom/foo/bar/domain/submission/model/TestEntityOffer;)V" line-rate="0" branch-rate="0" complexity="1"><lines><line number="5" hits="0" branch="true" condition-coverage="0% (0/12)"><conditions><condition number="0" type="jump" coverage="0%"/></conditions></line></lines></method><method name="getTestEntityOffer" signature="()Lcom/foo/bar/domain/submission/model/TestEntityOffer;" line-rate="0" branch-rate="0" complexity="1"><lines><line number="8" hits="0" branch="false"><conditions/></line></lines></method><method name="equals" signature="(Ljava/lang/Object;)Z" line-rate="0" branch-rate="0" complexity="6"><lines><line number="5" hits="0" branch="true" condition-coverage="0% (0/12)"><conditions><condition number="0" type="jump" coverage="0%"/></conditions></line></lines></method><method name="hashCode" signature="()I" line-rate="0" branch-rate="0" complexity="2"><lines><line number="5" hits="0" branch="true" condition-coverage="0% (0/12)"><conditions><condition number="0" type="jump" coverage="0%"/></conditions></line></lines></method><method name="toString" signature="()Ljava/lang/String;" line-rate="0" branch-rate="0" complexity="1"><lines><line number="5" hits="0" branch="true" condition-coverage="0% (0/12)"><conditions><condition number="0" type="jump" coverage="0%"/></conditions></line></lines></method></methods><lines><line number="5" hits="0" branch="true" condition-coverage="0% (0/12)"><conditions><condition number="0" type="jump" coverage="0%"/></conditions></line><line number="8" hits="0" branch="false"><conditions/></line></lines></class><class name="com.foo.bar.domain.submission.model.HouseAddress" filename="com/foo/bar/domain/submission/model/HouseAddress.java" line-rate="0.2" branch-rate="0" complexity="23"><methods><method name="&lt;init&gt;" signature="(Ljava/lang/String;Ljava/lang/String;ILjava/lang/String;)V" line-rate="1" branch-rate="0" complexity="1"><lines><line number="5" hits="1" branch="true" condition-coverage="0% (0/30)"><conditions><condition number="0" type="jump" coverage="0%"/></conditions></line></lines></method><method name="getStreet" signature="()Ljava/lang/String;" line-rate="0" branch-rate="0" complexity="1"><lines><line number="8" hits="0" branch="false"><conditions/></line></lines></method><method name="getHouseNumber" signature="()Ljava/lang/String;" line-rate="0" branch-rate="0" complexity="1"><lines><line number="9" hits="0" branch="false"><conditions/></line></lines></method><method name="getBfsNumber" signature="()I" line-rate="0" branch-rate="0" complexity="1"><lines><line number="10" hits="0" branch="false"><conditions/></line></lines></method><method name="getZipCode" signature="()Ljava/lang/String;" line-rate="0" branch-rate="0" complexity="1"><lines><line number="11" hits="0" branch="false"><conditions/></line></lines></method><method name="equals" signature="(Ljava/lang/Object;)Z" line-rate="0" branch-rate="0" complexity="13"><lines><line number="5" hits="1" branch="true" condition-coverage="0% (0/30)"><conditions><condition number="0" type="jump" coverage="0%"/></conditions></line></lines></method><method name="hashCode" signature="()I" line-rate="0" branch-rate="0" complexity="4"><lines><line number="5" hits="1" branch="true" condition-coverage="0% (0/30)"><conditions><condition number="0" type="jump" coverage="0%"/></conditions></line></lines></method><method name="toString" signature="()Ljava/lang/String;" line-rate="0" branch-rate="0" complexity="1"><lines><line number="5" hits="1" branch="true" condition-coverage="0% (0/30)"><conditions><condition number="0" type="jump" coverage="0%"/></conditions></line></lines></method></methods><lines><line number="5" hits="1" branch="true" condition-coverage="0% (0/30)"><conditions><condition number="0" type="jump" coverage="0%"/></conditions></line><line number="8" hits="0" branch="false"><conditions/></line><line number="9" hits="0" branch="false"><conditions/></line><line number="10" hits="0" branch="false"><conditions/></line><line number="11" hits="0" branch="false"><conditions/></line></lines></class><class name="com.foo.bar.domain.submission.model.HouseContactData" filename="com/foo/bar/domain/submission/model/HouseContactData.java" line-rate="0" branch-rate="0" complexity="16"><methods><method name="&lt;init&gt;" signature="(Ljava/lang/String;Ljava/lang/String;)V" line-rate="0" branch-rate="0" complexity="1"><lines><line number="5" hits="0" branch="true" condition-coverage="0% (0/20)"><conditions><condition number="0" type="jump" coverage="0%"/></conditions></line></lines></method><method name="getPhone" signature="()Ljava/lang/String;" line-rate="0" branch-rate="0" complexity="1"><lines><line number="8" hits="0" branch="false"><conditions/></line></lines></method><method name="getEmail" signature="()Ljava/lang/String;" line-rate="0" branch-rate="0" complexity="1"><lines><line number="9" hits="0" branch="false"><conditions/></line></lines></method><method name="equals" signature="(Ljava/lang/Object;)Z" line-rate="0" branch-rate="0" complexity="9"><lines><line number="5" hits="0" branch="true" condition-coverage="0% (0/20)"><conditions><condition number="0" type="jump" coverage="0%"/></conditions></line></lines></method><method name="hashCode" signature="()I" line-rate="0" branch-rate="0" complexity="3"><lines><line number="5" hits="0" branch="true" condition-coverage="0% (0/20)"><conditions><condition number="0" type="jump" coverage="0%"/></conditions></line></lines></method><method name="toString" signature="()Ljava/lang/String;" line-rate="0" branch-rate="0" complexity="1"><lines><line number="5" hits="0" branch="true" condition-coverage="0% (0/20)"><conditions><condition number="0" type="jump" coverage="0%"/></conditions></line></lines></method></methods><lines><line number="5" hits="0" branch="true" condition-coverage="0% (0/20)"><conditions><condition number="0" type="jump" coverage="0%"/></conditions></line><line number="8" hits="0" branch="false"><conditions/></line><line number="9" hits="0" branch="false"><conditions/></line></lines></class><class name="com.foo.bar.domain.submission.model.Submission" filename="com/foo/bar/domain/submission/model/Submission.java" line-rate="0.3333333333333333" branch-rate="0" complexity="16"><methods><method name="&lt;init&gt;" signature="(Ljava/util/List;Lcom/foo/bar/domain/submission/model/HouseAddress;)V" line-rate="1" branch-rate="0" complexity="1"><lines><line number="6" hits="1" branch="true" condition-coverage="0% (0/20)"><conditions><condition number="0" type="jump" coverage="0%"/></conditions></line></lines></method><method name="getPersons" signature="()Ljava/util/List;" line-rate="0" branch-rate="0" complexity="1"><lines><line number="9" hits="0" branch="false"><conditions/></line></lines></method><method name="getAddress" signature="()Lcom/foo/bar/domain/submission/model/HouseAddress;" line-rate="0" branch-rate="0" complexity="1"><lines><line number="10" hits="0" branch="false"><conditions/></line></lines></method><method name="equals" signature="(Ljava/lang/Object;)Z" line-rate="0" branch-rate="0" complexity="9"><lines><line number="6" hits="1" branch="true" condition-coverage="0% (0/20)"><conditions><condition number="0" type="jump" coverage="0%"/></conditions></line></lines></method><method name="hashCode" signature="()I" line-rate="0" branch-rate="0" complexity="3"><lines><line number="6" hits="1" branch="true" condition-coverage="0% (0/20)"><conditions><condition number="0" type="jump" coverage="0%"/></conditions></line></lines></method><method name="toString" signature="()Ljava/lang/String;" line-rate="0" branch-rate="0" complexity="1"><lines><line number="6" hits="1" branch="true" condition-coverage="0% (0/20)"><conditions><condition number="0" type="jump" coverage="0%"/></conditions></line></lines></method></methods><lines><line number="6" hits="1" branch="true" condition-coverage="0% (0/20)"><conditions><condition number="0" type="jump" coverage="0%"/></conditions></line><line number="9" hits="0" branch="false"><conditions/></line><line number="10" hits="0" branch="false"><conditions/></line></lines></class><class name="com.foo.bar.domain.submission.model.HouseStatus" filename="com/foo/bar/domain/submission/model/HouseStatus.java" line-rate="1" branch-rate="0" complexity="1"><methods><method name="&lt;clinit&gt;" signature="()V" line-rate="1" branch-rate="0" complexity="1"><lines><line number="3" hits="1" branch="false"><conditions/></line><line number="4" hits="1" branch="false"><conditions/></line><line number="5" hits="1" branch="false"><conditions/></line><line number="6" hits="1" branch="false"><conditions/></line></lines></method></methods><lines><line number="3" hits="1" branch="false"><conditions/></line><line number="4" hits="1" branch="false"><conditions/></line><line number="5" hits="1" branch="false"><conditions/></line><line number="6" hits="1" branch="false"><conditions/></line></lines></class></classes></packages><packages name="com.foo.bar.domain.offers.port" line-rate="0" branch-rate="0" complexity="0"><classes><class name="com.foo.bar.domain.offers.port.CalculateOfferUseCase" filename="com/foo/bar/domain/offers/port/CalculateOfferUseCase.java" line-rate="0" branch-rate="0" complexity="0"><methods/><lines/></class><class name="com.foo.bar.domain.offers.port.CalculateOfferPort" filename="com/foo/bar/domain/offers/port/CalculateOfferPort.java" line-rate="0" branch-rate="0" complexity="0"><methods/><lines/></class></classes></packages><packages name="com.foo.bar.domain.offers" line-rate="0" branch-rate="0" complexity="2"><classes><class name="com.foo.bar.domain.offers.CalculateOfferService" filename="com/foo/bar/domain/offers/CalculateOfferService.java" line-rate="0" branch-rate="0" complexity="2"><methods><method name="calculateOffer" signature="(Lcom/foo/bar/domain/offers/model/OfferRequest;)Ljava/util/List;" line-rate="0" branch-rate="0" complexity="1"><lines><line number="19" hits="0" branch="false"><conditions/></line></lines></method><method name="&lt;init&gt;" signature="(Lcom/foo/bar/domain/offers/port/CalculateOfferPort;)V" line-rate="0" branch-rate="0" complexity="1"><lines><line number="12" hits="0" branch="false"><conditions/></line></lines></method></methods><lines><line number="12" hits="0" branch="false"><conditions/></line><line number="19" hits="0" branch="false"><conditions/></line></lines></class></classes></packages></coverage>